2025-05-27 14:24:04,409 - INFO - ⏳ Запускаю проверку наличия новой базы...
2025-05-27 14:24:04,409 - INFO - 📂 Загружаю HTML-файл для бота (HTML4).html...
2025-05-27 14:24:04,409 - INFO - 📬 Подключение к почтовому ящику...
2025-05-27 14:24:04,661 - INFO - 🔎 Поиск письма с темой 'Остатки бот' от отправителя '1c@almazgeobur.kz'
2025-05-27 14:24:04,661 - ERROR - Ошибка при обработке почты: 'ascii' codec can't encode characters in position 34-40: ordinal not in range(128)
2025-05-27 14:24:04,664 - INFO - 🔁 Новых обновлений не найдено.
2025-05-27 14:24:05,566 - INFO - ✅ База успешно загружена. Записей: 14997
2025-05-27 14:24:49,418 - INFO - ⏳ Запускаю проверку наличия новой базы...
2025-05-27 14:24:49,418 - INFO - 📬 Подключение к почтовому ящику...
2025-05-27 14:24:49,673 - INFO - 🔎 Поиск письма с темой 'Остатки бот' от отправителя '1c@almazgeobur.kz'
2025-05-27 14:24:49,673 - ERROR - Ошибка при обработке почты: 'ascii' codec can't encode characters in position 34-40: ordinal not in range(128)
2025-05-27 14:24:49,673 - INFO - 🔁 Новых обновлений не найдено.
2025-05-27 14:32:25,358 - INFO - Запускаю проверку наличия новой базы...
2025-05-27 14:32:25,358 - INFO - 📂 Загружаю HTML-файл для бота (HTML4).html...
2025-05-27 14:32:25,359 - INFO - Подключение к почтовому ящику...
2025-05-27 14:32:25,573 - INFO - Поиск письма с темой 'Остатки бот' от отправителя '1c@almazgeobur.kz'
2025-05-27 14:32:25,631 - WARNING - Нет писем по заданному фильтру.
2025-05-27 14:32:25,632 - INFO - Новых обновлений не найдено.
2025-05-27 14:32:26,540 - INFO - ✅ База успешно загружена. Записей: 14997
2025-05-27 14:32:32,964 - INFO - Запускаю проверку наличия новой базы...
2025-05-27 14:32:32,964 - INFO - Подключение к почтовому ящику...
2025-05-27 14:32:33,133 - INFO - Поиск письма с темой 'Остатки бот' от отправителя '1c@almazgeobur.kz'
2025-05-27 14:32:33,197 - WARNING - Нет писем по заданному фильтру.
2025-05-27 14:32:33,198 - INFO - Новых обновлений не найдено.
2025-05-27 14:32:53,723 - INFO - Запрос от 7921551309: леха ты где будет время глянь мне два артикула для расценки срочно 4536826 не помню что это и вот эту ебень 354694
2025-05-27 14:32:54,657 - INFO - Найдены числовые артикулы: ['4536826', '354694']
2025-05-27 14:32:54,658 - INFO - Нормализованные числовые артикулы: ['354694', '4536826']
2025-05-27 14:32:54,661 - INFO - Найдены в базе: ['4536826']
2025-05-27 14:32:54,661 - INFO - Не найдены в базе: ['354694']
2025-05-27 14:33:39,056 - INFO - Запрос от 7921551309: 4536826 не помню что это и вот эту ебень 3546945
2025-05-27 14:33:39,340 - INFO - Найдены числовые артикулы: ['4536826', '3546945']
2025-05-27 14:33:39,340 - INFO - Нормализованные числовые артикулы: ['4536826', '3546945']
2025-05-27 14:33:39,341 - INFO - Найдены в базе: ['4536826', '3546945']
2025-05-27 14:33:39,341 - INFO - Не найдены в базе: []
2025-05-27 14:35:38,335 - INFO - Запрос от 7921551309: срочняком найти мне  815003    и 810037  еще вот этот  5590043 и вот этот  3222 3390 07
2025-05-27 14:35:39,230 - INFO - Найдены числовые артикулы: ['815003', '810037', '5590043', '3222', '3390']
2025-05-27 14:35:39,231 - INFO - Нормализованные числовые артикулы: ['3390', '815003', '810037', '5590043', '3222']
2025-05-27 14:35:39,235 - INFO - Найдены в базе: ['815003', '810037', '5590043']
2025-05-27 14:35:39,235 - INFO - Не найдены в базе: ['3390', '3222']
2025-05-27 14:45:53,176 - INFO - Запускаю проверку наличия новой базы...
2025-05-27 14:45:53,176 - INFO - 📂 Загружаю HTML-файл для бота (HTML4).html...
2025-05-27 14:45:53,176 - INFO - Подключение к почтовому ящику...
2025-05-27 14:45:53,384 - INFO - Поиск письма с темой 'Остатки бот' от отправителя '1c@almazgeobur.kz'
2025-05-27 14:45:53,441 - WARNING - Нет писем по заданному фильтру.
2025-05-27 14:45:53,441 - INFO - Новых обновлений не найдено.
2025-05-27 14:45:55,463 - INFO - ✅ База успешно загружена. Записей: 14997
2025-05-27 14:45:56,390 - INFO - Запускаю проверку наличия новой базы...
2025-05-27 14:45:56,390 - INFO - Подключение к почтовому ящику...
2025-05-27 14:45:56,636 - INFO - Поиск письма с темой 'Остатки бот' от отправителя '1c@almazgeobur.kz'
2025-05-27 14:45:56,704 - WARNING - Нет писем по заданному фильтру.
2025-05-27 14:45:56,705 - INFO - Новых обновлений не найдено.
2025-05-27 14:46:18,277 - INFO - Запрос от 7921551309: срочняком найти мне  815003    и 810037  еще вот этот  5590043 и вот этот  3222 3390 07
2025-05-27 14:46:19,142 - INFO - Найдены потенциальные составные артикулы: ['3222 3390 07']
2025-05-27 14:46:19,143 - INFO - Нормализованные составные артикулы: ['3222 3390 07']
2025-05-27 14:46:19,143 - INFO - Найдены простые числовые артикулы: ['815003', '810037', '5590043']
2025-05-27 14:46:19,144 - INFO - Нормализованные простые артикулы: ['815003', '810037', '5590043']
2025-05-27 14:46:19,157 - INFO - Найдены в базе: ['3222 3390 07', '815003', '810037', '5590043']
2025-05-27 14:46:19,157 - INFO - Не найдены в базе: []
2025-05-27 14:47:16,144 - INFO - Запрос от 7921551309: 3128 0619 00
3222 3244 18
3222 3251 67
2025-05-27 14:47:16,962 - INFO - Найдены потенциальные составные артикулы: ['3128 0619 00\n322', '3244 18\n322', '3251 67']
2025-05-27 14:47:16,963 - INFO - Нормализованные составные артикулы: ['3128 0619 00 322', '3244 18 322', '3251 67']
2025-05-27 14:47:16,963 - INFO - Найдены простые числовые артикулы: ['3222', '3222']
2025-05-27 14:47:16,963 - INFO - Нормализованные простые артикулы: ['3222', '3222']
2025-05-27 14:47:16,969 - INFO - Найдены в базе: []
2025-05-27 14:47:16,970 - INFO - Не найдены в базе: ['3128 0619 00 322', '3244 18 322', '3251 67', '3222', '3222']
2025-05-27 14:54:02,991 - INFO - Запускаю проверку наличия новой базы...
2025-05-27 14:54:02,991 - INFO - 📂 Загружаю HTML-файл для бота (HTML4).html...
2025-05-27 14:54:02,992 - INFO - Подключение к почтовому ящику...
2025-05-27 14:54:03,188 - INFO - Поиск письма с темой 'Остатки бот' от отправителя '1c@almazgeobur.kz'
2025-05-27 14:54:03,245 - WARNING - Нет писем по заданному фильтру.
2025-05-27 14:54:03,245 - INFO - Новых обновлений не найдено.
2025-05-27 14:54:04,267 - INFO - ✅ База успешно загружена. Записей: 14997
2025-05-27 14:54:30,615 - INFO - Запрос от 7921551309: 3128 0619 00
3222 3244 18
3222 3251 67
2025-05-27 14:54:31,511 - INFO - Найдены потенциальные составные артикулы: ['3128 0619 00\n3222', '3244 18\n3222 3251']
2025-05-27 14:54:31,511 - INFO - Нормализованные составные артикулы: ['3128 0619 00 3222', '3244 18 3222 3251']
2025-05-27 14:54:31,511 - INFO - Найдены простые числовые артикулы: []
2025-05-27 14:54:31,512 - INFO - Нормализованные простые артикулы: []
2025-05-27 14:54:31,515 - INFO - Найдены в базе: []
2025-05-27 14:54:31,515 - INFO - Не найдены в базе: ['3128 0619 00 3222', '3244 18 3222 3251']
2025-05-27 15:03:16,041 - INFO - Запускаю проверку наличия новой базы...
2025-05-27 15:03:16,041 - INFO - 📂 Загружаю HTML-файл для бота (HTML4).html...
2025-05-27 15:03:16,041 - INFO - Подключение к почтовому ящику...
2025-05-27 15:03:16,315 - INFO - Поиск письма с темой 'Остатки бот' от отправителя '1c@almazgeobur.kz'
2025-05-27 15:03:16,383 - WARNING - Нет писем по заданному фильтру.
2025-05-27 15:03:16,383 - INFO - Новых обновлений не найдено.
2025-05-27 15:03:17,446 - INFO - ✅ База успешно загружена. Записей: 14997
2025-05-27 15:03:23,865 - INFO - Запрос от 7921551309: срочняком найти мне  815003    и 810037  еще вот этот  5590043 и вот этот  3222 3390 07
2025-05-27 15:03:24,711 - INFO - Найдены потенциальные составные артикулы: ['3222 3390 07']
2025-05-27 15:03:24,712 - INFO - Нормализованные составные артикулы: ['3222 3390 07']
2025-05-27 15:03:24,712 - INFO - Найдены простые числовые артикулы: ['815003', '810037', '5590043']
2025-05-27 15:03:24,712 - INFO - Нормализованные простые артикулы: ['815003', '810037', '5590043']
2025-05-27 15:03:24,717 - INFO - Найдены в базе: ['3222 3390 07', '815003', '810037', '5590043']
2025-05-27 15:03:24,717 - INFO - Не найдены в базе: []
2025-05-27 15:05:12,812 - INFO - Запрос от 7921551309: слушай тут вовчик передал  4535617   5000617     7545014, ем усеменыя скащал бля что если мы не найдем 3222 3251 67 и вот этот 3128 0619 00 и вот такой 0508 1100 20
2025-05-27 15:05:13,718 - INFO - Найдены потенциальные составные артикулы: ['3222 3251 67', '3128 0619 00', '0508 1100 20']
2025-05-27 15:05:13,718 - INFO - Нормализованные составные артикулы: ['3222 3251 67', '3128 0619 00', '0508 1100 20']
2025-05-27 15:05:13,718 - INFO - Найдены простые числовые артикулы: ['4535617', '5000617', '7545014']
2025-05-27 15:05:13,718 - INFO - Нормализованные простые артикулы: ['4535617', '5000617', '7545014']
2025-05-27 15:05:13,727 - INFO - Найдены в базе: ['3222 3251 67', '3128 0619 00', '0508 1100 20', '4535617', '5000617', '7545014']
2025-05-27 15:05:13,727 - INFO - Не найдены в базе: []
2025-05-27 15:06:43,104 - INFO - Запрос от 7921551309: найди мне 111
2025-05-27 15:06:43,324 - INFO - Найдены потенциальные составные артикулы: []
2025-05-27 15:06:43,324 - INFO - Нормализованные составные артикулы: []
2025-05-27 15:06:43,324 - INFO - Найдены простые числовые артикулы: []
2025-05-27 15:06:43,324 - INFO - Нормализованные простые артикулы: []
2025-05-27 15:06:57,697 - INFO - Запрос от 7921551309: Лех а эту хуйню найдешь: 7545014 ?
2025-05-27 15:06:58,291 - INFO - Найдены потенциальные составные артикулы: []
2025-05-27 15:06:58,292 - INFO - Нормализованные составные артикулы: []
2025-05-27 15:06:58,293 - INFO - Найдены простые числовые артикулы: ['7545014']
2025-05-27 15:06:58,293 - INFO - Нормализованные простые артикулы: ['7545014']
2025-05-27 15:06:58,298 - INFO - Найдены в базе: ['7545014']
2025-05-27 15:06:58,298 - INFO - Не найдены в базе: []
2025-05-27 15:09:14,537 - INFO - Запрос от 476409056: Привет, найди мне 3222 3390 07
2025-05-27 15:09:14,761 - INFO - Найдены потенциальные составные артикулы: ['3222 3390 07']
2025-05-27 15:09:14,761 - INFO - Нормализованные составные артикулы: ['3222 3390 07']
2025-05-27 15:09:14,762 - INFO - Найдены простые числовые артикулы: []
2025-05-27 15:09:14,762 - INFO - Нормализованные простые артикулы: []
2025-05-27 15:09:14,763 - INFO - Найдены в базе: ['3222 3390 07']
2025-05-27 15:09:14,763 - INFO - Не найдены в базе: []
